2024-09-18 11:57:27.067 [info] Reading sessions from keychain...
2024-09-18 11:57:27.067 [info] Getting sessions for all scopes...
2024-09-18 11:57:27.067 [info] Getting sessions for all scopes...
2024-09-18 11:57:27.067 [info] Getting sessions for read:user,repo,user:email,workflow...
2024-09-18 11:57:27.201 [info] Got 0 sessions for ...
2024-09-18 11:57:27.201 [info] Got 0 sessions for ...
2024-09-18 11:57:27.201 [info] Got 0 sessions for read:user,repo,user:email,workflow...
2024-09-18 11:57:29.212 [info] Logging in with 'any' account...
2024-09-18 11:57:29.212 [info] Logging in for the following scopes: read:user repo user:email workflow
2024-09-18 11:57:29.223 [info] Trying without local server... (read:user repo user:email workflow)
2024-09-18 11:57:51.526 [error] User Cancelled
2024-09-18 11:57:56.266 [info] Trying with local server... (read:user repo user:email workflow)
2024-09-18 11:58:14.554 [error] User Cancelled
2024-09-18 12:03:35.925 [info] Getting sessions for read:user,repo,user:email,workflow...
2024-09-18 12:03:35.925 [info] Got 0 sessions for read:user,repo,user:email,workflow...
2024-09-18 12:03:38.556 [info] Logging in with 'any' account...
2024-09-18 12:03:38.556 [info] Logging in for the following scopes: read:user repo user:email workflow
2024-09-18 12:03:38.565 [info] Trying without local server... (read:user repo user:email workflow)
2024-09-18 12:03:54.718 [info] Exchanging code for token...
2024-09-18 12:03:55.458 [info] Token exchange success!
2024-09-18 12:03:55.464 [info] Getting user info...
2024-09-18 12:03:56.039 [info] Got account info!
2024-09-18 12:03:56.041 [info] Storing 1 sessions...
2024-09-18 12:03:56.053 [info] Reading sessions from keychain...
2024-09-18 12:03:56.054 [info] Stored 1 sessions!
2024-09-18 12:03:56.055 [info] Login success!
2024-09-18 12:03:56.075 [info] Got stored sessions!
2024-09-18 12:03:56.075 [info] Got 1 verified sessions.
