2024-09-18 22:25:29.625 [info] Added views:workbench.panel.markers.view in workbench.panel.markers
2024-09-18 22:25:29.625 [info] Added views:workbench.panel.output in workbench.panel.output
2024-09-18 22:25:29.625 [info] Added views:terminal in terminal
2024-09-18 22:25:29.625 [info] Added views:outline in workbench.view.explorer
2024-09-18 22:25:29.625 [info] Added views:workbench.scm in workbench.view.scm
2024-09-18 22:25:29.625 [info] Added views:workbench.view.search in workbench.view.search
2024-09-18 22:25:29.625 [info] Added views:timeline in workbench.view.explorer
2024-09-18 22:25:29.625 [info] Added views:workbench.explorer.emptyView in workbench.view.explorer
2024-09-18 22:25:30.237 [info] Added views:workbench.debug.welcome in workbench.view.debug
2024-09-18 22:25:31.485 [info] Added views:~remote.forwardedPorts in ~remote.forwardedPortsContainer
2024-09-18 22:25:32.121 [info] Added views:workbench.panel.repl.view in workbench.panel.repl
2024-09-18 22:25:33.611 [info] Added views:workbench.views.extensions.installed,workbench.views.extensions.popular,extensions.recommendedList in workbench.view.extensions
2024-09-18 22:25:33.616 [info] Removed views:workbench.views.extensions.popular from workbench.view.extensions
2024-09-18 22:25:39.115 [info] Removed views:extensions.recommendedList,workbench.views.extensions.installed from workbench.view.extensions
2024-09-18 22:25:39.132 [info] Added views:workbench.views.extensions.marketplace in workbench.view.extensions
2024-09-18 22:25:47.002 [info] Removed views:workbench.views.extensions.marketplace from workbench.view.extensions
2024-09-18 22:25:47.019 [info] Added views:workbench.views.extensions.installed,extensions.recommendedList in workbench.view.extensions
2024-09-18 22:25:48.440 [info] Removed views:extensions.recommendedList,workbench.views.extensions.installed from workbench.view.extensions
2024-09-18 22:25:48.468 [info] Added views:workbench.views.extensions.marketplace in workbench.view.extensions
2024-09-18 22:35:05.697 [info] Added views:workbench.view.testing in workbench.view.extension.test
2024-09-18 22:36:28.011 [info] Added views:workbench.debug.breakPointsView in workbench.view.debug
2024-09-18 22:36:52.657 [info] Removed views:workbench.debug.welcome from workbench.view.debug
2024-09-18 22:36:52.716 [info] Added views:workbench.debug.variablesView,workbench.debug.watchExpressionsView,workbench.debug.callStackView in workbench.view.debug
2024-09-18 22:37:06.803 [info] Removed views:workbench.debug.callStackView,workbench.debug.watchExpressionsView,workbench.debug.variablesView from workbench.view.debug
2024-09-18 22:37:06.831 [info] Added views:workbench.debug.welcome in workbench.view.debug
2024-09-18 22:42:25.160 [info] Removed views:workbench.views.extensions.marketplace from workbench.view.extensions
2024-09-18 22:42:25.180 [info] Added views:workbench.views.extensions.installed,extensions.recommendedList in workbench.view.extensions
