2024-09-18 22:35:08.486 [info] (Client) Pylance async client (2024.9.1) started with python extension (2024.14.1)
2024-09-18 22:35:09.406 [info] [Info  - 22:35:09] (498) Server root directory: file:///home/leandrogsrosa/.var/app/com.visualstudio.code/data/vscode/extensions/ms-python.vscode-pylance-2024.9.1/dist
2024-09-18 22:35:09.407 [info] [Info  - 22:35:09] (498) Pylance language server 2024.9.1 (pyright version 1.1.378, commit ce64adc1) starting
2024-09-18 22:35:09.452 [info] [Info  - 22:35:09] (498) Starting service instance "<default>"
2024-09-18 22:35:09.498 [info] [Info  - 22:35:09] (498) Setting environmentName for service "<default>": "3.11.9 (global)"
2024-09-18 22:35:09.499 [info] [Info  - 22:35:09] (498) Setting pythonPath for service "<default>": "/bin/python"
2024-09-18 22:35:09.499 [info] [Info  - 22:35:09] (498) No include entries specified; assuming /<default workspace root>
2024-09-18 22:35:09.501 [info] [Info  - 22:35:09] (498) Auto-excluding **/node_modules
2024-09-18 22:35:09.501 [info] [Info  - 22:35:09] (498) Auto-excluding **/__pycache__
2024-09-18 22:35:09.502 [info] [Info  - 22:35:09] (498) Auto-excluding **/.*
2024-09-18 22:35:09.555 [info] [Info  - 22:35:09] (498) Assuming Python version 3.11.9.final.0
2024-09-18 22:35:09.691 [info] [Error - 22:35:09] (498) File or directory "/<default workspace root>" does not exist.
2024-09-18 22:35:09.693 [info] [Info  - 22:35:09] (498) No source files found.
2024-09-18 22:35:09.794 [info] [Info  - 22:35:09] (498) Setting environmentName for service "<default>": "3.11.9 (global)"
2024-09-18 22:35:09.795 [info] [Info  - 22:35:09] (498) Setting pythonPath for service "<default>": "/bin/python"
2024-09-18 22:35:09.795 [info] [Info  - 22:35:09] (498) No include entries specified; assuming /<default workspace root>
2024-09-18 22:35:09.795 [info] [Info  - 22:35:09] (498) Auto-excluding **/node_modules
2024-09-18 22:35:09.795 [info] [Info  - 22:35:09] (498) Auto-excluding **/__pycache__
2024-09-18 22:35:09.796 [info] [Info  - 22:35:09] (498) Auto-excluding **/.*
2024-09-18 22:35:09.839 [info] [Info  - 22:35:09] (498) Assuming Python version 3.11.9.final.0
2024-09-18 22:35:09.925 [info] [Error - 22:35:09] (498) File or directory "/<default workspace root>" does not exist.
2024-09-18 22:35:09.926 [info] [Info  - 22:35:09] (498) No source files found.
2024-09-18 22:35:10.361 [info] [Info  - 22:35:10] (498) Background analysis(1) root directory: file:///home/leandrogsrosa/.var/app/com.visualstudio.code/data/vscode/extensions/ms-python.vscode-pylance-2024.9.1/dist
2024-09-18 22:35:10.365 [info] [Info  - 22:35:10] (498) Background analysis(1) started
