2024-09-18 22:25:31.356 [info] Extension host with pid 132 started
2024-09-18 22:25:32.127 [info] ExtensionService#_doActivateExtension vscode.git-base, startup: true, activationEvent: '*', root cause: vscode.git
2024-09-18 22:25:32.432 [info] ExtensionService#_doActivateExtension vscode.git, startup: true, activationEvent: '*'
2024-09-18 22:25:32.433 [info] ExtensionService#_doActivateExtension vscode.github, startup: true, activationEvent: '*'
2024-09-18 22:25:32.864 [info] Eager extensions activated
2024-09-18 22:25:32.911 [info] ExtensionService#_doActivateExtension vscode.debug-auto-launch, startup: false, activationEvent: 'onStartupFinished'
2024-09-18 22:25:32.912 [info] ExtensionService#_doActivateExtension vscode.merge-conflict, startup: false, activationEvent: 'onStartupFinished'
2024-09-18 22:25:33.808 [info] ExtensionService#_doActivateExtension vscode.emmet, startup: false, activationEvent: 'onLanguage'
2024-09-18 22:29:54.465 [info] ExtensionService#_doActivateExtension vscode.search-result, startup: false, activationEvent: 'onLanguage:search-result'
2024-09-18 22:35:04.226 [info] ExtensionService#_doActivateExtension ms-python.python, startup: false, activationEvent: 'onLanguage:python', root cause: ms-python.debugpy
2024-09-18 22:35:05.877 [info] ExtensionService#_doActivateExtension ms-python.debugpy, startup: false, activationEvent: 'onLanguage:python'
2024-09-18 22:35:05.897 [info] ExtensionService#_doActivateExtension ms-python.vscode-pylance, startup: false, activationEvent: 'onLanguage:python'
2024-09-18 22:36:44.076 [info] ExtensionService#_doActivateExtension vscode.debug-server-ready, startup: false, activationEvent: 'onDebugResolve'
2024-09-18 22:37:06.854 [error] Error: Invalid debug adapter
    at u.p (vscode-file://vscode-app/app/extra/vscode/resources/app/out/vs/workbench/workbench.desktop.main.js:1877:95)
    at u.$acceptDAExit (vscode-file://vscode-app/app/extra/vscode/resources/app/out/vs/workbench/workbench.desktop.main.js:1877:35)
    at E.S (vscode-file://vscode-app/app/extra/vscode/resources/app/out/vs/workbench/workbench.desktop.main.js:1767:14705)
    at E.Q (vscode-file://vscode-app/app/extra/vscode/resources/app/out/vs/workbench/workbench.desktop.main.js:1767:14471)
    at E.M (vscode-file://vscode-app/app/extra/vscode/resources/app/out/vs/workbench/workbench.desktop.main.js:1767:13504)
    at E.L (vscode-file://vscode-app/app/extra/vscode/resources/app/out/vs/workbench/workbench.desktop.main.js:1767:12560)
    at d.value (vscode-file://vscode-app/app/extra/vscode/resources/app/out/vs/workbench/workbench.desktop.main.js:1767:11034)
    at l.B (vscode-file://vscode-app/app/extra/vscode/resources/app/out/vs/workbench/workbench.desktop.main.js:100:732)
    at l.fire (vscode-file://vscode-app/app/extra/vscode/resources/app/out/vs/workbench/workbench.desktop.main.js:100:949)
    at n.fire (vscode-file://vscode-app/app/extra/vscode/resources/app/out/vs/workbench/workbench.desktop.main.js:631:14809)
    at K.onmessage (vscode-file://vscode-app/app/extra/vscode/resources/app/out/vs/workbench/workbench.desktop.main.js:1783:8206)
